<?xml version="1.0" encoding="UTF-8"?>
<!-- Generated by org.testng.reporters.JUnitReportReporter -->
<testsuite skipped="0" hostname="ip-172-31-31-246" name="TestCases.HomeLoan" tests="1" failures="0" timestamp="20 May 2023 10:05:55 GMT" time="0.002" errors="0">
  <testcase name="test2" time="0.002" classname="TestCases.HomeLoan"/>
</testsuite> <!-- TestCases.HomeLoan -->
