<?xml version="1.0" encoding="UTF-8"?>
<!-- Generated by org.testng.reporters.JUnitReportReporter -->
<testsuite skipped="0" hostname="ip-172-31-31-246" name="TestCases.CarLoan" tests="1" failures="0" timestamp="20 May 2023 07:06:17 GMT" time="0.003" errors="0">
  <testcase name="test3" time="0.003" classname="TestCases.CarLoan"/>
</testsuite> <!-- TestCases.CarLoan -->
