<?xml version="1.0" encoding="UTF-8"?>
<!-- Generated by org.testng.reporters.JUnitReportReporter -->
<testsuite skipped="0" hostname="ip-172-31-31-246" name="TestCases.CreditCard" tests="1" failures="0" timestamp="20 May 2023 10:05:55 GMT" time="0.005" errors="0">
  <testcase name="test4" time="0.005" classname="TestCases.CreditCard"/>
</testsuite> <!-- TestCases.CreditCard -->
